{"C:\\xampp\\htdocs\\html\\NODEJS\\mern-authentication-session\\backend\\src\\helpers\\helpers.js": {"path":"C:\\xampp\\htdocs\\html\\NODEJS\\mern-authentication-session\\backend\\src\\helpers\\helpers.js","statementMap":{"0":{"start":{"line":1,"column":23},"end":{"line":4,"column":1}},"1":{"start":{"line":2,"column":2},"end":{"line":2,"column":80}},"2":{"start":{"line":2,"column":67},"end":{"line":2,"column":80}},"3":{"start":{"line":3,"column":2},"end":{"line":3,"column":14}},"4":{"start":{"line":6,"column":0},"end":{"line":8,"column":2}}},"fnMap":{"0":{"name":"(anonymous_0)","decl":{"start":{"line":1,"column":23},"end":{"line":1,"column":24}},"loc":{"start":{"line":1,"column":42},"end":{"line":4,"column":1}},"line":1}},"branchMap":{"0":{"loc":{"start":{"line":2,"column":2},"end":{"line":2,"column":80}},"type":"if","locations":[{"start":{"line":2,"column":2},"end":{"line":2,"column":80}},{"start":{},"end":{}}],"line":2},"1":{"loc":{"start":{"line":2,"column":6},"end":{"line":2,"column":65}},"type":"binary-expr","locations":[{"start":{"line":2,"column":6},"end":{"line":2,"column":35}},{"start":{"line":2,"column":39},"end":{"line":2,"column":65}}],"line":2}},"s":{"0":1,"1":2,"2":1,"3":1,"4":1},"f":{"0":2},"b":{"0":[1,1],"1":[2,2]},"_coverageSchema":"1a1c01bbd47fc00a2c39e90264f33305004495a9","hash":"91f6748e6a3f24571674b3128959005746acd322"}
}
